\BOOKMARK [1][-]{section.1}{\376\377\000I\000n\000t\000r\000o\000d\000u\000c\000t\000i\000o\000n}{}% 1
\BOOKMARK [2][-]{subsection.1.1}{\376\377\000S\000h\000u\000g\000h\000n\000i}{section.1}% 2
\BOOKMARK [2][-]{subsection.1.2}{\376\377\000M\000o\000r\000p\000h\000o\000l\000o\000g\000y\000\040\000m\000o\000d\000e\000l\000i\000n\000g}{section.1}% 3
\BOOKMARK [1][-]{section.2}{\376\377\000E\000x\000i\000s\000t\000i\000n\000g\000\040\000m\000e\000t\000h\000o\000d\000s}{}% 4
\BOOKMARK [2][-]{subsection.2.1}{\376\377\000M\000a\000c\000h\000i\000n\000e\000\040\000l\000e\000a\000r\000n\000i\000n\000g\000\040\000m\000e\000t\000h\000o\000d\000s}{section.2}% 5
\BOOKMARK [2][-]{subsection.2.2}{\376\377\000R\000u\000l\000e\000-\000b\000a\000s\000e\000d\000\040\000m\000e\000t\000h\000o\000d\000s}{section.2}% 6
\BOOKMARK [3][-]{subsubsection.2.2.1}{\376\377\000F\000i\000n\000i\000t\000e\000-\000s\000t\000a\000t\000e\000\040\000t\000r\000a\000n\000s\000d\000u\000c\000e\000r\000s}{subsection.2.2}% 7
\BOOKMARK [3][-]{subsubsection.2.2.2}{\376\377\000F\000S\000T\000\040\000f\000o\000r\000m\000a\000l\000i\000s\000m\000s}{subsection.2.2}% 8
\BOOKMARK [3][-]{subsubsection.2.2.3}{\376\377\000H\000e\000l\000s\000i\000n\000k\000i\000\040\000f\000i\000n\000i\000t\000e\000-\000s\000t\000a\000t\000e\000\040\000t\000e\000c\000h\000n\000o\000l\000o\000g\000y}{subsection.2.2}% 9
\BOOKMARK [2][-]{subsection.2.3}{\376\377\000E\000x\000i\000s\000t\000i\000n\000g\000\040\000m\000o\000r\000p\000h\000o\000l\000o\000g\000y\000\040\000m\000o\000d\000e\000l\000s\000\040\000f\000o\000r\000\040\000S\000h\000u\000g\000h\000n\000i}{section.2}% 10
\BOOKMARK [1][-]{section.3}{\376\377\000D\000a\000t\000a}{}% 11
\BOOKMARK [2][-]{subsection.3.1}{\376\377\000G\000r\000a\000m\000m\000a\000r\000\040\000d\000e\000s\000c\000r\000i\000p\000t\000i\000o\000n\000s}{section.3}% 12
\BOOKMARK [2][-]{subsection.3.2}{\376\377\000D\000i\000c\000t\000i\000o\000n\000a\000r\000i\000e\000s}{section.3}% 13
\BOOKMARK [2][-]{subsection.3.3}{\376\377\000T\000e\000x\000t\000\040\000c\000o\000r\000p\000o\000r\000a}{section.3}% 14
\BOOKMARK [1][-]{section.4}{\376\377\000M\000e\000t\000h\000o\000d\000s}{}% 15
\BOOKMARK [2][-]{subsection.4.1}{\376\377\000F\000i\000n\000i\000t\000e\000-\000s\000t\000a\000t\000e\000\040\000t\000r\000a\000n\000s\000d\000u\000c\000e\000r\000s\000\040\000T\000O\000D\000O\000:\000\040\000M\000o\000v\000e\000\040\000t\000o\000\040\000i\000n\000t\000r\000o\000d\000u\000c\000t\000i\000o\000n\000?}{section.4}% 16
\BOOKMARK [2][-]{subsection.4.2}{\376\377\000R\000u\000l\000e\000\040\000d\000e\000c\000l\000a\000r\000a\000t\000i\000o\000n\000\040\000T\000O\000D\000O\000:\000\040\000r\000e\000t\000h\000i\000n\000k\000\040\000h\000e\000a\000d\000i\000n\000g}{section.4}% 17
\BOOKMARK [3][-]{subsubsection.4.2.1}{\376\377\000N\000o\000u\000n\000s}{subsection.4.2}% 18
\BOOKMARK [3][-]{subsubsection.4.2.2}{\376\377\000V\000e\000r\000b\000s}{subsection.4.2}% 19
\BOOKMARK [3][-]{subsubsection.4.2.3}{\376\377\000A\000d\000j\000e\000c\000t\000i\000v\000e\000s}{subsection.4.2}% 20
\BOOKMARK [3][-]{subsubsection.4.2.4}{\376\377\000P\000r\000o\000n\000o\000u\000n\000s}{subsection.4.2}% 21
\BOOKMARK [3][-]{subsubsection.4.2.5}{\376\377\000N\000u\000m\000e\000r\000a\000l\000s}{subsection.4.2}% 22
\BOOKMARK [3][-]{subsubsection.4.2.6}{\376\377\000A\000n\000y\000t\000h\000i\000n\000g\000\040\000e\000l\000s\000e\000\050\000?\000\051}{subsection.4.2}% 23
\BOOKMARK [2][-]{subsection.4.3}{\376\377\000T\000r\000a\000n\000s\000l\000i\000t\000e\000r\000a\000t\000i\000o\000n}{section.4}% 24
\BOOKMARK [2][-]{subsection.4.4}{\376\377\000R\000u\000s\000s\000i\000a\000n\000\040\000l\000e\000m\000m\000a\000s\000\040\000T\000O\000D\000O\000:\000\040\000r\000e\000t\000h\000i\000n\000k\000\040\000h\000e\000a\000d\000i\000n\000g}{section.4}% 25
\BOOKMARK [2][-]{subsection.4.5}{\376\377\000T\000e\000s\000t\000i\000n\000g}{section.4}% 26
\BOOKMARK [2][-]{subsection.4.6}{\376\377\000M\000e\000t\000r\000i\000c\000s}{section.4}% 27
\BOOKMARK [1][-]{section.5}{\376\377\000R\000e\000s\000u\000l\000t\000s}{}% 28
\BOOKMARK [1][-]{section.6}{\376\377\000C\000o\000n\000c\000l\000u\000s\000i\000o\000n}{}% 29
\BOOKMARK [1][-]{section.6}{\376\377\000R\000e\000f\000e\000r\000e\000n\000c\000e\000s}{}% 30
